<?xml version="1.0" encoding="UTF-8"?>
<testng-results skipped="0" failed="0" ignored="0" total="2" passed="2">
  <reporter-output>
  </reporter-output>
  <suite name="Suite" duration-ms="2341" started-at="2024-02-01T19:45:44Z" finished-at="2024-02-01T19:45:46Z">
    <groups>
    </groups>
    <test name="Test" duration-ms="2341" started-at="2024-02-01T19:45:44Z" finished-at="2024-02-01T19:45:46Z">
      <class name="Task1.Scenario2">
        <test-method status="PASS" signature="validateTableData()[pri:0, instance:Task1.Scenario2@6767c1fc]" name="validateTableData" duration-ms="860" started-at="2024-02-02T01:15:45Z" finished-at="2024-02-02T01:15:46Z">
          <reporter-output>
          </reporter-output>
        </test-method> <!-- validateTableData -->
      </class> <!-- Task1.Scenario2 -->
      <class name="Task1.Scenario1">
        <test-method status="PASS" signature="validateTableData()[pri:0, instance:Task1.Scenario1@39aeed2f]" name="validateTableData" duration-ms="1450" started-at="2024-02-02T01:15:44Z" finished-at="2024-02-02T01:15:45Z">
          <reporter-output>
          </reporter-output>
        </test-method> <!-- validateTableData -->
      </class> <!-- Task1.Scenario1 -->
    </test> <!-- Test -->
  </suite> <!-- Suite -->
</testng-results>
