<?xml version="1.0" encoding="UTF-8"?>
<testng-results skipped="0" failed="0" ignored="0" total="2" passed="2">
  <reporter-output>
  </reporter-output>
  <suite name="Suite" duration-ms="1789" started-at="2024-02-01T20:20:23Z" finished-at="2024-02-01T20:20:24Z">
    <groups>
    </groups>
    <test name="Test" duration-ms="1789" started-at="2024-02-01T20:20:23Z" finished-at="2024-02-01T20:20:24Z">
      <class name="Task1.Scenario2">
        <test-method status="PASS" signature="validateTableData()[pri:0, instance:Task1.Scenario2@6767c1fc]" name="validateTableData" duration-ms="594" started-at="2024-02-02T01:50:24Z" finished-at="2024-02-02T01:50:24Z">
          <reporter-output>
          </reporter-output>
        </test-method> <!-- validateTableData -->
      </class> <!-- Task1.Scenario2 -->
      <class name="Task1.Scenario1">
        <test-method status="PASS" signature="validateTableData()[pri:0, instance:Task1.Scenario1@39aeed2f]" name="validateTableData" duration-ms="1164" started-at="2024-02-02T01:50:23Z" finished-at="2024-02-02T01:50:24Z">
          <reporter-output>
          </reporter-output>
        </test-method> <!-- validateTableData -->
      </class> <!-- Task1.Scenario1 -->
    </test> <!-- Test -->
  </suite> <!-- Suite -->
</testng-results>
